<?xml version="1.0" encoding="UTF-8"?>
<!-- Generated by org.testng.reporters.JUnitXMLReporter -->
<testsuite hostname="CBT-081" ignored="9" name="Test" tests="4" failures="0" timestamp="01 Mar 2017 12:51:26 GMT" time="51.338" errors="0">
  <testcase name="testCreateEmployee" time="3.902" classname="com.hrm.scripts.CreateEmployee"/>
  <testcase name="testDeleteEmployee" time="2.676" classname="com.hrm.scripts.DeleteEmployee"/>
  <testcase name="testJobListBoxIsSorted" time="1.372" classname="com.hrm.scripts.TestJobListBoxIsSorted"/>
  <testcase name="testVerifyDuplicateOption" time="1.44" classname="com.hrm.scripts.VerifyDuplicateOption"/>
  <testcase name="@BeforeSuite initReport" time="0.0" classname="com.base.BaseTest">
    <ignored/>
  </testcase> <!-- @BeforeSuite initReport -->
  <testcase name="@BeforeSuite initReport" time="0.0" classname="com.base.BaseTest">
    <ignored/>
  </testcase> <!-- @BeforeSuite initReport -->
  <testcase name="@BeforeSuite initReport" time="0.0" classname="com.base.BaseTest">
    <ignored/>
  </testcase> <!-- @BeforeSuite initReport -->
  <testcase name="@AfterSuite publishReport" time="0.0" classname="com.base.BaseTest">
    <ignored/>
  </testcase> <!-- @AfterSuite publishReport -->
  <testcase name="@AfterSuite publishReport" time="0.0" classname="com.base.BaseTest">
    <ignored/>
  </testcase> <!-- @AfterSuite publishReport -->
  <testcase name="@AfterSuite publishReport" time="0.0" classname="com.base.BaseTest">
    <ignored/>
  </testcase> <!-- @AfterSuite publishReport -->
  <testcase name="@BeforeTest initGlobalVar" time="0.0" classname="com.base.BaseTest">
    <ignored/>
  </testcase> <!-- @BeforeTest initGlobalVar -->
  <testcase name="@BeforeTest initGlobalVar" time="0.0" classname="com.base.BaseTest">
    <ignored/>
  </testcase> <!-- @BeforeTest initGlobalVar -->
  <testcase name="@BeforeTest initGlobalVar" time="0.0" classname="com.base.BaseTest">
    <ignored/>
  </testcase> <!-- @BeforeTest initGlobalVar -->
</testsuite> <!-- Test -->
