<?xml version="1.0" encoding="UTF-8"?>
<testng-results skipped="0" failed="0" ignored="0" total="1" passed="1">
  <reporter-output>
  </reporter-output>
  <suite name="Suite" duration-ms="11665" started-at="2017-02-28T23:25:42Z" finished-at="2017-02-28T23:25:54Z">
    <groups>
    </groups>
    <test name="Test" duration-ms="11665" started-at="2017-02-28T23:25:42Z" finished-at="2017-02-28T23:25:54Z">
      <class name="com.hrm.scripts.DeleteEmployee">
        <test-method status="PASS" signature="initReport()[pri:0, instance:com.hrm.scripts.DeleteEmployee@e45f292]" name="initReport" is-config="true" duration-ms="28" started-at="2017-03-01T04:55:42Z" finished-at="2017-03-01T04:55:42Z">
          <reporter-output>
          </reporter-output>
        </test-method> <!-- initReport -->
        <test-method status="PASS" signature="initGlobalVar()[pri:0, instance:com.hrm.scripts.DeleteEmployee@e45f292]" name="initGlobalVar" is-config="true" duration-ms="1" started-at="2017-03-01T04:55:42Z" finished-at="2017-03-01T04:55:42Z">
          <reporter-output>
          </reporter-output>
        </test-method> <!-- initGlobalVar -->
        <test-method status="PASS" signature="initApplication(java.lang.String)[pri:0, instance:com.hrm.scripts.DeleteEmployee@e45f292]" name="initApplication" is-config="true" duration-ms="4153" started-at="2017-03-01T04:55:42Z" finished-at="2017-03-01T04:55:46Z">
          <params>
            <param index="0">
              <value>
                <![CDATA[chrome]]>
              </value>
            </param>
          </params>
          <reporter-output>
          </reporter-output>
        </test-method> <!-- initApplication -->
        <test-method status="PASS" signature="preCondition(java.lang.reflect.Method)[pri:0, instance:com.hrm.scripts.DeleteEmployee@e45f292]" name="preCondition" is-config="true" duration-ms="3119" started-at="2017-03-01T04:55:46Z" finished-at="2017-03-01T04:55:49Z">
          <params>
            <param index="0">
              <value>
                <![CDATA[public void com.hrm.scripts.DeleteEmployee.testDeleteEmployee()]]>
              </value>
            </param>
          </params>
          <reporter-output>
          </reporter-output>
        </test-method> <!-- preCondition -->
        <test-method status="PASS" signature="testDeleteEmployee()[pri:0, instance:com.hrm.scripts.DeleteEmployee@e45f292]" name="testDeleteEmployee" duration-ms="1705" started-at="2017-03-01T04:55:49Z" finished-at="2017-03-01T04:55:51Z">
          <reporter-output>
          </reporter-output>
        </test-method> <!-- testDeleteEmployee -->
        <test-method status="PASS" signature="postCondition(org.testng.ITestResult)[pri:0, instance:com.hrm.scripts.DeleteEmployee@e45f292]" name="postCondition" is-config="true" duration-ms="1371" started-at="2017-03-01T04:55:51Z" finished-at="2017-03-01T04:55:52Z">
          <params>
            <param index="0">
              <value>
                <![CDATA[[TestResult name=testDeleteEmployee status=SUCCESS method=DeleteEmployee.testDeleteEmployee()[pri:0, instance:com.hrm.scripts.DeleteEmployee@e45f292] output={null}]]]>
              </value>
            </param>
          </params>
          <reporter-output>
          </reporter-output>
        </test-method> <!-- postCondition -->
        <test-method status="PASS" signature="closeApplication()[pri:0, instance:com.hrm.scripts.DeleteEmployee@e45f292]" name="closeApplication" is-config="true" duration-ms="1292" started-at="2017-03-01T04:55:52Z" finished-at="2017-03-01T04:55:54Z">
          <reporter-output>
          </reporter-output>
        </test-method> <!-- closeApplication -->
        <test-method status="PASS" signature="publishReport()[pri:0, instance:com.hrm.scripts.DeleteEmployee@e45f292]" name="publishReport" is-config="true" duration-ms="0" started-at="2017-03-01T04:55:54Z" finished-at="2017-03-01T04:55:54Z">
          <reporter-output>
          </reporter-output>
        </test-method> <!-- publishReport -->
      </class> <!-- com.hrm.scripts.DeleteEmployee -->
    </test> <!-- Test -->
  </suite> <!-- Suite -->
</testng-results>
